
  .   ____          _            __ _ _
 /\\ / ___'_ __ _ _(_)_ __  __ _ \ \ \ \
( ( )\___ | '_ | '_| | '_ \/ _` | \ \ \ \
 \\/  ___)| |_)| | | | | || (_| |  ) ) ) )
  '  |____| .__|_| |_|_| |_\__, | / / / /
 =========|_|==============|___/=/_/_/_/
 :: Spring Boot ::        (v2.1.7.RELEASE)

2022-06-12 14:33:07.457  INFO 18066 --- [           main] c.hyeonwoo.book.springboot.Application   : Starting Application on hyeonwoo.local with PID 18066 (/Users/hyeonwoo/studySpringWithAws/build/libs/SpringBootWithAws-1.0-SNAPSHOT.jar started by hyeonwoo in /Users/hyeonwoo/studySpringWithAws/build/libs)
2022-06-12 14:33:07.464  INFO 18066 --- [           main] c.hyeonwoo.book.springboot.Application   : The following profiles are active: oauth
2022-06-12 14:33:09.743  INFO 18066 --- [           main] .s.d.r.c.RepositoryConfigurationDelegate : Bootstrapping Spring Data repositories in DEFAULT mode.
2022-06-12 14:33:09.917  INFO 18066 --- [           main] .s.d.r.c.RepositoryConfigurationDelegate : Finished Spring Data repository scanning in 158ms. Found 2 repository interfaces.
2022-06-12 14:33:11.149  INFO 18066 --- [           main] trationDelegate$BeanPostProcessorChecker : Bean 'org.springframework.transaction.annotation.ProxyTransactionManagementConfiguration' of type [org.springframework.transaction.annotation.ProxyTransactionManagementConfiguration$$EnhancerBySpringCGLIB$$eb50ee6e] is not eligible for getting processed by all BeanPostProcessors (for example: not eligible for auto-proxying)
2022-06-12 14:33:11.906  INFO 18066 --- [           main] o.s.b.w.embedded.tomcat.TomcatWebServer  : Tomcat initialized with port(s): 8080 (http)
2022-06-12 14:33:11.994  INFO 18066 --- [           main] o.apache.catalina.core.StandardService   : Starting service [Tomcat]
2022-06-12 14:33:11.994  INFO 18066 --- [           main] org.apache.catalina.core.StandardEngine  : Starting Servlet engine: [Apache Tomcat/9.0.22]
2022-06-12 14:33:12.220  INFO 18066 --- [           main] o.a.c.c.C.[Tomcat].[localhost].[/]       : Initializing Spring embedded WebApplicationContext
2022-06-12 14:33:12.220  INFO 18066 --- [           main] o.s.web.context.ContextLoader            : Root WebApplicationContext: initialization completed in 4565 ms
2022-06-12 14:33:12.610  INFO 18066 --- [           main] com.zaxxer.hikari.HikariDataSource       : HikariPool-1 - Starting...
2022-06-12 14:33:12.846  INFO 18066 --- [           main] com.zaxxer.hikari.HikariDataSource       : HikariPool-1 - Start completed.
2022-06-12 14:33:13.055  INFO 18066 --- [           main] o.hibernate.jpa.internal.util.LogHelper  : HHH000204: Processing PersistenceUnitInfo [
	name: default
	...]
2022-06-12 14:33:13.214  INFO 18066 --- [           main] org.hibernate.Version                    : HHH000412: Hibernate Core {5.3.10.Final}
2022-06-12 14:33:13.221  INFO 18066 --- [           main] org.hibernate.cfg.Environment            : HHH000206: hibernate.properties not found
2022-06-12 14:33:13.805  INFO 18066 --- [           main] o.hibernate.annotations.common.Version   : HCANN000001: Hibernate Commons Annotations {5.0.4.Final}
2022-06-12 14:33:14.262  INFO 18066 --- [           main] org.hibernate.dialect.Dialect            : HHH000400: Using dialect: org.hibernate.dialect.MySQL5InnoDBDialect
Hibernate: drop table if exists posts
Hibernate: drop table if exists user
Hibernate: create table posts (id bigint not null auto_increment, created_date datetime, modified_date datetime, author varchar(255), content TEXT not null, title varchar(500) not null, primary key (id)) engine=InnoDB
Hibernate: create table user (id bigint not null auto_increment, created_date datetime, modified_date datetime, email varchar(255) not null, name varchar(255) not null, picture varchar(255), role varchar(255) not null, primary key (id)) engine=InnoDB
2022-06-12 14:33:16.078  INFO 18066 --- [           main] o.h.t.schema.internal.SchemaCreatorImpl  : HHH000476: Executing import script 'org.hibernate.tool.schema.internal.exec.ScriptSourceInputNonExistentImpl@3e104d4b'
2022-06-12 14:33:16.088  INFO 18066 --- [           main] j.LocalContainerEntityManagerFactoryBean : Initialized JPA EntityManagerFactory for persistence unit 'default'
2022-06-12 14:33:17.770  INFO 18066 --- [           main] o.h.h.i.QueryTranslatorFactoryInitiator  : HHH000397: Using ASTQueryTranslatorFactory
2022-06-12 14:33:18.508  INFO 18066 --- [           main] o.s.s.web.DefaultSecurityFilterChain     : Creating filter chain: any request, [org.springframework.security.web.context.request.async.WebAsyncManagerIntegrationFilter@6342ff7f, org.springframework.security.web.context.SecurityContextPersistenceFilter@7af3874e, org.springframework.security.web.header.HeaderWriterFilter@559cedee, org.springframework.security.web.authentication.logout.LogoutFilter@3b705be7, org.springframework.security.oauth2.client.web.OAuth2AuthorizationRequestRedirectFilter@ba17be6, org.springframework.security.oauth2.client.web.OAuth2LoginAuthenticationFilter@6f798482, org.springframework.security.web.authentication.ui.DefaultLoginPageGeneratingFilter@70d63e05, org.springframework.security.web.authentication.ui.DefaultLogoutPageGeneratingFilter@403c3a01, org.springframework.security.web.savedrequest.RequestCacheAwareFilter@68565bc7, org.springframework.security.web.servletapi.SecurityContextHolderAwareRequestFilter@11e355ca, org.springframework.security.web.authentication.AnonymousAuthenticationFilter@2daf06fc, org.springframework.security.web.session.SessionManagementFilter@4f3faa70, org.springframework.security.web.access.ExceptionTranslationFilter@6d074b14, org.springframework.security.web.access.intercept.FilterSecurityInterceptor@4d3c6593]
2022-06-12 14:33:18.882  INFO 18066 --- [           main] o.s.s.concurrent.ThreadPoolTaskExecutor  : Initializing ExecutorService 'applicationTaskExecutor'
2022-06-12 14:33:18.956  WARN 18066 --- [           main] aWebConfiguration$JpaWebMvcConfiguration : spring.jpa.open-in-view is enabled by default. Therefore, database queries may be performed during view rendering. Explicitly configure spring.jpa.open-in-view to disable this warning
2022-06-12 14:33:19.033  INFO 18066 --- [           main] o.s.b.a.w.s.WelcomePageHandlerMapping    : Adding welcome page template: index
2022-06-12 14:33:19.408  INFO 18066 --- [           main] s.a.ScheduledAnnotationBeanPostProcessor : No TaskScheduler/ScheduledExecutorService bean found for scheduled processing
2022-06-12 14:33:19.502  INFO 18066 --- [           main] o.s.b.w.embedded.tomcat.TomcatWebServer  : Tomcat started on port(s): 8080 (http) with context path ''
2022-06-12 14:33:19.507  INFO 18066 --- [           main] c.hyeonwoo.book.springboot.Application   : Started Application in 13.446 seconds (JVM running for 14.268)
nohup: SpringBootWithAws-1.0-SNAPSHOT.jar: No such file or directory
2022-06-12 14:35:34.170  INFO 18066 --- [nio-8080-exec-1] o.a.c.c.C.[Tomcat].[localhost].[/]       : Initializing Spring DispatcherServlet 'dispatcherServlet'
2022-06-12 14:35:34.171  INFO 18066 --- [nio-8080-exec-1] o.s.web.servlet.DispatcherServlet        : Initializing Servlet 'dispatcherServlet'
2022-06-12 14:35:34.208  INFO 18066 --- [nio-8080-exec-1] o.s.web.servlet.DispatcherServlet        : Completed initialization in 37 ms
Hibernate: select posts0_.id as id1_0_, posts0_.created_date as created_2_0_, posts0_.modified_date as modified3_0_, posts0_.author as author4_0_, posts0_.content as content5_0_, posts0_.title as title6_0_ from posts posts0_ order by posts0_.id DESC
Hibernate: select user0_.id as id1_1_, user0_.created_date as created_2_1_, user0_.modified_date as modified3_1_, user0_.email as email4_1_, user0_.name as name5_1_, user0_.picture as picture6_1_, user0_.role as role7_1_ from user user0_ where user0_.email=?
Hibernate: insert into user (created_date, modified_date, email, name, picture, role) values (?, ?, ?, ?, ?, ?)
Hibernate: select posts0_.id as id1_0_, posts0_.created_date as created_2_0_, posts0_.modified_date as modified3_0_, posts0_.author as author4_0_, posts0_.content as content5_0_, posts0_.title as title6_0_ from posts posts0_ order by posts0_.id DESC
Hibernate: select posts0_.id as id1_0_, posts0_.created_date as created_2_0_, posts0_.modified_date as modified3_0_, posts0_.author as author4_0_, posts0_.content as content5_0_, posts0_.title as title6_0_ from posts posts0_ order by posts0_.id DESC
Hibernate: select posts0_.id as id1_0_, posts0_.created_date as created_2_0_, posts0_.modified_date as modified3_0_, posts0_.author as author4_0_, posts0_.content as content5_0_, posts0_.title as title6_0_ from posts posts0_ order by posts0_.id DESC
